[2025-06-14T11:40:27.673Z] INFO: User registered: sachin@gmail.com
[2025-06-14T11:41:19.790Z] ERROR: Error [832f0c4c-f22c-4cca-8a8a-e62534892a29] on POST /auth/login - [object Object]
[2025-06-14T11:41:29.204Z] INFO: User logged in sachin@gmail.com
[2025-06-14T11:42:09.239Z] ERROR: Validation error - [
  {
    "code": "too_small",
    "minimum": 6,
    "type": "string",
    "inclusive": true,
    "exact": false,
    "message": "Password must be altest 6 characters",
    "path": [
      "password"
    ]
  },
  {
    "code": "invalid_type",
    "expected": "string",
    "received": "undefined",
    "path": [
      "name"
    ],
    "message": "Required"
  }
]
[2025-06-14T15:58:40.665Z] ERROR: Error [7d369834-edd0-4050-9c04-4e4fb911c18c] on GET /auth/google - [object Object]
[2025-06-14T15:58:55.974Z] ERROR: Error [580cba92-876a-4d7e-9418-c43ba127a759] on GET /auth/google - [object Object]
[2025-06-14T15:59:09.101Z] ERROR: Error [38c032a1-e2b5-44e7-9150-aef1682a9295] on GET /auth/google - [object Object]
[2025-06-14T16:02:41.270Z] ERROR: Error [709adf4e-a8d2-4123-995d-b3de6c8000b0] on GET /auth/google - [object Object]
